Using pre-set license
Built from '2020.3/staging' branch; Version is '2020.3.4f1 (0abb6314276a) revision 703331'; Using compiler version '192528614'; Build Type 'Release'
OS: 'Windows 10 Pro; OS build 19041.928; Version 2004; 64bit' Language: 'tr' Physical Memory: 8131 MB
BatchMode: 1, IsHumanControllingUs: 0, StartBugReporterOnCrash: 0, Is64bit: 1, IsPro: 0

 COMMAND LINE ARGUMENTS:
C:\Program Files\Unity\Hub\Editor\2020.3.4f1\Editor\Unity.exe
-adb2
-batchMode
-noUpm
-name
AssetImportWorker1
-projectPath
C:/Users/Ege Eren/ismailTan19100001012
-logFile
Logs/AssetImportWorker1.log
-srvPort
52370
Successfully changed project path to: C:/Users/Ege Eren/ismailTan19100001012
C:/Users/Ege Eren/ismailTan19100001012
Using Asset Import Pipeline V2.
Refreshing native plugins compatible for Editor in 44.89 ms, found 1 plugins.
Preloading 0 native plugins for Editor in 0.00 ms.
Initialize engine version: 2020.3.4f1 (0abb6314276a)
[Subsystems] Discovering subsystems at path C:/Program Files/Unity/Hub/Editor/2020.3.4f1/Editor/Data/Resources/UnitySubsystems
[Subsystems] Discovering subsystems at path C:/Users/Ege Eren/ismailTan19100001012/Assets
GfxDevice: creating device client; threaded=0
Direct3D:
    Version:  Direct3D 11.0 [level 11.1]
    Renderer: NVIDIA GeForce GTX 970 (ID=0x13c2)
    Vendor:   
    VRAM:     4043 MB
    Driver:   27.21.14.5671
Initialize mono
Mono path[0] = 'C:/Program Files/Unity/Hub/Editor/2020.3.4f1/Editor/Data/Managed'
Mono path[1] = 'C:/Program Files/Unity/Hub/Editor/2020.3.4f1/Editor/Data/MonoBleedingEdge/lib/mono/unityjit'
Mono config path = 'C:/Program Files/Unity/Hub/Editor/2020.3.4f1/Editor/Data/MonoBleedingEdge/etc'
Using monoOptions --debugger-agent=transport=dt_socket,embedding=1,server=y,suspend=n,address=127.0.0.1:56388
Begin MonoManager ReloadAssembly
Registering precompiled unity dll's ...
Register platform support module: C:/Program Files/Unity/Hub/Editor/2020.3.4f1/Editor/Data/PlaybackEngines/WindowsStandaloneSupport/UnityEditor.WindowsStandalone.Extensions.dll
Registered in 0.001832 seconds.
Native extension for WindowsStandalone target not found
Refreshing native plugins compatible for Editor in 40.72 ms, found 1 plugins.
Preloading 0 native plugins for Editor in 0.00 ms.
Mono: successfully reloaded assembly
- Completed reload, in  5.194 seconds
Platform modules already initialized, skipping
Registering precompiled user dll's ...
Registered in 0.001121 seconds.
Begin MonoManager ReloadAssembly
Native extension for WindowsStandalone target not found
Refreshing native plugins compatible for Editor in 40.71 ms, found 1 plugins.
Preloading 0 native plugins for Editor in 0.00 ms.
Mono: successfully reloaded assembly
- Completed reload, in  1.076 seconds
Platform modules already initialized, skipping
========================================================================
Worker process is ready to serve import requests
Launched and connected shader compiler UnityShaderCompiler.exe after 0.07 seconds
Refreshing native plugins compatible for Editor in 0.37 ms, found 1 plugins.
Preloading 0 native plugins for Editor in 0.00 ms.
Unloading 1812 Unused Serialized files (Serialized files now loaded: 0)
System memory in use before: 85.0 MB.
System memory in use after: 85.0 MB.

Unloading 24 unused Assets to reduce memory usage. Loaded Objects now: 2255.
Total: 2.509400 ms (FindLiveObjects: 0.190600 ms CreateObjectMapping: 0.080200 ms MarkObjects: 2.098300 ms  DeleteObjects: 0.139200 ms)

========================================================================
Received Import Request.
  path: Assets/Prefabs/lazer.prefab
  artifactKey: Guid(d2f9bf8bc4fc09f48b21646d4ea2e9f3) Importer(815301076,1909f56bfc062723c751e8b465ee728b)
Start importing Assets/Prefabs/lazer.prefab using Guid(d2f9bf8bc4fc09f48b21646d4ea2e9f3) Importer(815301076,1909f56bfc062723c751e8b465ee728b)  -> (artifact id: '9fe185596080b5591840b43c77692474') in 0.126021 seconds
  Import took 0.132175 seconds .

========================================================================
Received Import Request.
  Time since last request: 0.042038 seconds.
  path: Assets/Prefabs/lazer.prefab
  artifactKey: Guid(d2f9bf8bc4fc09f48b21646d4ea2e9f3) Importer(815301076,1909f56bfc062723c751e8b465ee728b)
Start importing Assets/Prefabs/lazer.prefab using Guid(d2f9bf8bc4fc09f48b21646d4ea2e9f3) Importer(815301076,1909f56bfc062723c751e8b465ee728b)  -> (artifact id: '9fe185596080b5591840b43c77692474') in 0.014224 seconds
  Import took 0.019225 seconds .

========================================================================
Received Prepare
Registering precompiled user dll's ...
Registered in 0.001022 seconds.
Begin MonoManager ReloadAssembly
Native extension for WindowsStandalone target not found
Refreshing native plugins compatible for Editor in 0.44 ms, found 1 plugins.
Preloading 0 native plugins for Editor in 0.00 ms.
Mono: successfully reloaded assembly
- Completed reload, in  1.307 seconds
Platform modules already initialized, skipping
Refreshing native plugins compatible for Editor in 0.43 ms, found 1 plugins.
Preloading 0 native plugins for Editor in 0.00 ms.
Unloading 1807 Unused Serialized files (Serialized files now loaded: 0)
System memory in use before: 88.1 MB.
System memory in use after: 88.1 MB.

Unloading 12 unused Assets to reduce memory usage. Loaded Objects now: 2266.
Total: 2.915200 ms (FindLiveObjects: 0.259500 ms CreateObjectMapping: 0.178500 ms MarkObjects: 2.355400 ms  DeleteObjects: 0.119800 ms)

========================================================================
Received Prepare
Registering precompiled user dll's ...
Registered in 0.001002 seconds.
Begin MonoManager ReloadAssembly
Native extension for WindowsStandalone target not found
Refreshing native plugins compatible for Editor in 0.44 ms, found 1 plugins.
Preloading 0 native plugins for Editor in 0.00 ms.
Mono: successfully reloaded assembly
- Completed reload, in  1.000 seconds
Platform modules already initialized, skipping
Refreshing native plugins compatible for Editor in 0.41 ms, found 1 plugins.
Preloading 0 native plugins for Editor in 0.00 ms.
Unloading 1820 Unused Serialized files (Serialized files now loaded: 0)
System memory in use before: 90.1 MB.
System memory in use after: 89.4 MB.

Unloading 25 unused Assets to reduce memory usage. Loaded Objects now: 2270.
Total: 2.397800 ms (FindLiveObjects: 0.186200 ms CreateObjectMapping: 0.075700 ms MarkObjects: 1.745200 ms  DeleteObjects: 0.389600 ms)

========================================================================
Received Prepare
Registering precompiled user dll's ...
Registered in 0.001094 seconds.
Begin MonoManager ReloadAssembly
Native extension for WindowsStandalone target not found
Refreshing native plugins compatible for Editor in 0.39 ms, found 1 plugins.
Preloading 0 native plugins for Editor in 0.00 ms.
Mono: successfully reloaded assembly
- Completed reload, in  1.253 seconds
Platform modules already initialized, skipping
Refreshing native plugins compatible for Editor in 0.81 ms, found 1 plugins.
Preloading 0 native plugins for Editor in 0.00 ms.
Unloading 1821 Unused Serialized files (Serialized files now loaded: 0)
System memory in use before: 90.1 MB.
System memory in use after: 89.5 MB.

Unloading 25 unused Assets to reduce memory usage. Loaded Objects now: 2275.
Total: 2.628700 ms (FindLiveObjects: 0.201600 ms CreateObjectMapping: 0.106900 ms MarkObjects: 1.808700 ms  DeleteObjects: 0.509800 ms)

========================================================================
Received Import Request.
  Time since last request: 296.099245 seconds.
  path: Assets/Scripts/Skor.cs
  artifactKey: Guid(25532e0c1319f924db714e9d33f22010) Importer(815301076,1909f56bfc062723c751e8b465ee728b)
Start importing Assets/Scripts/Skor.cs using Guid(25532e0c1319f924db714e9d33f22010) Importer(815301076,1909f56bfc062723c751e8b465ee728b)  -> (artifact id: '5ac3cc0aea053d1af0ceaa162a5d31f0') in 0.017721 seconds
  Import took 0.021825 seconds .

========================================================================
Received Prepare
Registering precompiled user dll's ...
Registered in 0.001025 seconds.
Begin MonoManager ReloadAssembly
Native extension for WindowsStandalone target not found
Refreshing native plugins compatible for Editor in 0.38 ms, found 1 plugins.
Preloading 0 native plugins for Editor in 0.00 ms.
Mono: successfully reloaded assembly
- Completed reload, in  1.049 seconds
Platform modules already initialized, skipping
Refreshing native plugins compatible for Editor in 0.38 ms, found 1 plugins.
Preloading 0 native plugins for Editor in 0.00 ms.
Unloading 1821 Unused Serialized files (Serialized files now loaded: 0)
System memory in use before: 90.2 MB.
System memory in use after: 89.5 MB.

Unloading 25 unused Assets to reduce memory usage. Loaded Objects now: 2279.
Total: 2.417200 ms (FindLiveObjects: 0.176500 ms CreateObjectMapping: 0.072500 ms MarkObjects: 1.691100 ms  DeleteObjects: 0.476100 ms)

========================================================================
Received Prepare
Registering precompiled user dll's ...
Registered in 0.001016 seconds.
Begin MonoManager ReloadAssembly
Native extension for WindowsStandalone target not found
Refreshing native plugins compatible for Editor in 0.43 ms, found 1 plugins.
Preloading 0 native plugins for Editor in 0.00 ms.
Mono: successfully reloaded assembly
- Completed reload, in  0.991 seconds
Platform modules already initialized, skipping
Refreshing native plugins compatible for Editor in 0.41 ms, found 1 plugins.
Preloading 0 native plugins for Editor in 0.00 ms.
Unloading 1821 Unused Serialized files (Serialized files now loaded: 0)
System memory in use before: 90.2 MB.
System memory in use after: 89.5 MB.

Unloading 25 unused Assets to reduce memory usage. Loaded Objects now: 2283.
Total: 2.443000 ms (FindLiveObjects: 0.206800 ms CreateObjectMapping: 0.081400 ms MarkObjects: 1.721500 ms  DeleteObjects: 0.431800 ms)

========================================================================
Received Import Request.
  Time since last request: 114.711882 seconds.
  path: Assets/Scripts/Skor.cs
  artifactKey: Guid(25532e0c1319f924db714e9d33f22010) Importer(815301076,1909f56bfc062723c751e8b465ee728b)
Start importing Assets/Scripts/Skor.cs using Guid(25532e0c1319f924db714e9d33f22010) Importer(815301076,1909f56bfc062723c751e8b465ee728b)  -> (artifact id: '4833e67652841be67c9a7d56689968ac') in 0.012440 seconds
  Import took 0.016720 seconds .

========================================================================
Received Import Request.
  Time since last request: 0.000449 seconds.
  path: Assets/Scripts/Skor.cs
  artifactKey: Guid(25532e0c1319f924db714e9d33f22010) Importer(815301076,1909f56bfc062723c751e8b465ee728b)
Start importing Assets/Scripts/Skor.cs using Guid(25532e0c1319f924db714e9d33f22010) Importer(815301076,1909f56bfc062723c751e8b465ee728b)  -> (artifact id: '4833e67652841be67c9a7d56689968ac') in 0.004579 seconds
  Import took 0.008115 seconds .

========================================================================
Received Prepare
Registering precompiled user dll's ...
Registered in 0.001069 seconds.
Begin MonoManager ReloadAssembly
Native extension for WindowsStandalone target not found
Refreshing native plugins compatible for Editor in 0.38 ms, found 1 plugins.
Preloading 0 native plugins for Editor in 0.00 ms.
Mono: successfully reloaded assembly
- Completed reload, in  1.067 seconds
Platform modules already initialized, skipping
Refreshing native plugins compatible for Editor in 0.61 ms, found 1 plugins.
Preloading 0 native plugins for Editor in 0.00 ms.
Unloading 1821 Unused Serialized files (Serialized files now loaded: 0)
System memory in use before: 90.2 MB.
System memory in use after: 89.5 MB.

Unloading 25 unused Assets to reduce memory usage. Loaded Objects now: 2287.
Total: 2.540900 ms (FindLiveObjects: 0.204000 ms CreateObjectMapping: 0.078100 ms MarkObjects: 1.784900 ms  DeleteObjects: 0.473000 ms)

========================================================================
Received Import Request.
  Time since last request: 9.134152 seconds.
  path: Assets/Scripts/Skor.cs
  artifactKey: Guid(25532e0c1319f924db714e9d33f22010) Importer(815301076,1909f56bfc062723c751e8b465ee728b)
Start importing Assets/Scripts/Skor.cs using Guid(25532e0c1319f924db714e9d33f22010) Importer(815301076,1909f56bfc062723c751e8b465ee728b)  -> (artifact id: '3d23c0d7ab1cfe3bbe213102586b8d39') in 0.005915 seconds
  Import took 0.009374 seconds .

========================================================================
Received Prepare
Registering precompiled user dll's ...
Registered in 0.001422 seconds.
Begin MonoManager ReloadAssembly
Native extension for WindowsStandalone target not found
Refreshing native plugins compatible for Editor in 0.38 ms, found 1 plugins.
Preloading 0 native plugins for Editor in 0.00 ms.
Mono: successfully reloaded assembly
- Completed reload, in  0.987 seconds
Platform modules already initialized, skipping
Refreshing native plugins compatible for Editor in 0.41 ms, found 1 plugins.
Preloading 0 native plugins for Editor in 0.00 ms.
Unloading 1821 Unused Serialized files (Serialized files now loaded: 0)
System memory in use before: 90.2 MB.
System memory in use after: 89.5 MB.

Unloading 25 unused Assets to reduce memory usage. Loaded Objects now: 2291.
Total: 2.406800 ms (FindLiveObjects: 0.197000 ms CreateObjectMapping: 0.075600 ms MarkObjects: 1.713800 ms  DeleteObjects: 0.419200 ms)

========================================================================
Received Import Request.
  Time since last request: 10.470195 seconds.
  path: Assets/Scripts/Skor.cs
  artifactKey: Guid(25532e0c1319f924db714e9d33f22010) Importer(815301076,1909f56bfc062723c751e8b465ee728b)
Start importing Assets/Scripts/Skor.cs using Guid(25532e0c1319f924db714e9d33f22010) Importer(815301076,1909f56bfc062723c751e8b465ee728b)  -> (artifact id: '4b14448dfc020b82ae6c17acff3e7da1') in 0.005394 seconds
  Import took 0.009031 seconds .

========================================================================
Received Import Request.
  Time since last request: 1.681430 seconds.
  path: Assets/Scripts/MeteorScript.cs
  artifactKey: Guid(9a7de0c1bac937f44b40a396fb7c666e) Importer(815301076,1909f56bfc062723c751e8b465ee728b)
Start importing Assets/Scripts/MeteorScript.cs using Guid(9a7de0c1bac937f44b40a396fb7c666e) Importer(815301076,1909f56bfc062723c751e8b465ee728b)  -> (artifact id: '73e34f6f992ad24acb617352c2ae15b9') in 0.003036 seconds
  Import took 0.007346 seconds .

========================================================================
Received Import Request.
  Time since last request: 0.028369 seconds.
  path: Assets/Scripts/MeteorScript.cs
  artifactKey: Guid(9a7de0c1bac937f44b40a396fb7c666e) Importer(815301076,1909f56bfc062723c751e8b465ee728b)
Start importing Assets/Scripts/MeteorScript.cs using Guid(9a7de0c1bac937f44b40a396fb7c666e) Importer(815301076,1909f56bfc062723c751e8b465ee728b)  -> (artifact id: '73e34f6f992ad24acb617352c2ae15b9') in 0.007900 seconds
  Import took 0.011889 seconds .

========================================================================
Received Prepare
Registering precompiled user dll's ...
Registered in 0.001100 seconds.
Begin MonoManager ReloadAssembly
Native extension for WindowsStandalone target not found
Refreshing native plugins compatible for Editor in 0.39 ms, found 1 plugins.
Preloading 0 native plugins for Editor in 0.00 ms.
Mono: successfully reloaded assembly
- Completed reload, in  1.014 seconds
Platform modules already initialized, skipping
Refreshing native plugins compatible for Editor in 0.42 ms, found 1 plugins.
Preloading 0 native plugins for Editor in 0.00 ms.
Unloading 1821 Unused Serialized files (Serialized files now loaded: 0)
System memory in use before: 90.2 MB.
System memory in use after: 89.5 MB.

Unloading 25 unused Assets to reduce memory usage. Loaded Objects now: 2295.
Total: 2.416400 ms (FindLiveObjects: 0.191900 ms CreateObjectMapping: 0.076800 ms MarkObjects: 1.733000 ms  DeleteObjects: 0.413600 ms)

========================================================================
Received Import Request.
  Time since last request: 25.606848 seconds.
  path: Assets/Scripts/Skor.cs
  artifactKey: Guid(25532e0c1319f924db714e9d33f22010) Importer(815301076,1909f56bfc062723c751e8b465ee728b)
Start importing Assets/Scripts/Skor.cs using Guid(25532e0c1319f924db714e9d33f22010) Importer(815301076,1909f56bfc062723c751e8b465ee728b)  -> (artifact id: 'f9fff2be7a0952c3af42de1e503e03c6') in 0.009389 seconds
  Import took 0.013758 seconds .

========================================================================
Received Prepare
Registering precompiled user dll's ...
Registered in 0.001081 seconds.
Begin MonoManager ReloadAssembly
Native extension for WindowsStandalone target not found
Refreshing native plugins compatible for Editor in 0.52 ms, found 1 plugins.
Preloading 0 native plugins for Editor in 0.00 ms.
Mono: successfully reloaded assembly
- Completed reload, in  1.232 seconds
Platform modules already initialized, skipping
Refreshing native plugins compatible for Editor in 0.39 ms, found 1 plugins.
Preloading 0 native plugins for Editor in 0.00 ms.
Unloading 1821 Unused Serialized files (Serialized files now loaded: 0)
System memory in use before: 90.2 MB.
System memory in use after: 89.5 MB.

Unloading 25 unused Assets to reduce memory usage. Loaded Objects now: 2299.
Total: 3.039800 ms (FindLiveObjects: 0.227700 ms CreateObjectMapping: 0.096700 ms MarkObjects: 2.185600 ms  DeleteObjects: 0.528600 ms)

========================================================================
Received Import Request.
  Time since last request: 10.592800 seconds.
  path: Assets/Scripts/Skor.cs
  artifactKey: Guid(25532e0c1319f924db714e9d33f22010) Importer(815301076,1909f56bfc062723c751e8b465ee728b)
Start importing Assets/Scripts/Skor.cs using Guid(25532e0c1319f924db714e9d33f22010) Importer(815301076,1909f56bfc062723c751e8b465ee728b)  -> (artifact id: '8172f5555e23e12d3a8febdaa66a86b7') in 0.006089 seconds
  Import took 0.009472 seconds .

========================================================================
Received Import Request.
  Time since last request: 0.247396 seconds.
  path: Assets/Scripts/Spawner.cs
  artifactKey: Guid(692c6158602ded24cb5e4bcb51cbd5aa) Importer(815301076,1909f56bfc062723c751e8b465ee728b)
Start importing Assets/Scripts/Spawner.cs using Guid(692c6158602ded24cb5e4bcb51cbd5aa) Importer(815301076,1909f56bfc062723c751e8b465ee728b)  -> (artifact id: '5fa63fc431704a700f564b53967b0c45') in 0.007238 seconds
  Import took 0.010721 seconds .

========================================================================
Received Import Request.
  Time since last request: 0.025042 seconds.
  path: Assets/Scripts/Spawner.cs
  artifactKey: Guid(692c6158602ded24cb5e4bcb51cbd5aa) Importer(815301076,1909f56bfc062723c751e8b465ee728b)
Start importing Assets/Scripts/Spawner.cs using Guid(692c6158602ded24cb5e4bcb51cbd5aa) Importer(815301076,1909f56bfc062723c751e8b465ee728b)  -> (artifact id: '5fa63fc431704a700f564b53967b0c45') in 0.005013 seconds
  Import took 0.009391 seconds .

========================================================================
Received Prepare
Registering precompiled user dll's ...
Registered in 0.001009 seconds.
Begin MonoManager ReloadAssembly
Native extension for WindowsStandalone target not found
Refreshing native plugins compatible for Editor in 0.39 ms, found 1 plugins.
Preloading 0 native plugins for Editor in 0.00 ms.
Mono: successfully reloaded assembly
- Completed reload, in  0.998 seconds
Platform modules already initialized, skipping
Refreshing native plugins compatible for Editor in 0.41 ms, found 1 plugins.
Preloading 0 native plugins for Editor in 0.00 ms.
Unloading 1821 Unused Serialized files (Serialized files now loaded: 0)
System memory in use before: 90.2 MB.
System memory in use after: 89.5 MB.

Unloading 25 unused Assets to reduce memory usage. Loaded Objects now: 2303.
Total: 2.879100 ms (FindLiveObjects: 0.202900 ms CreateObjectMapping: 0.075500 ms MarkObjects: 2.009900 ms  DeleteObjects: 0.589500 ms)

========================================================================
Received Import Request.
  Time since last request: 23.271245 seconds.
  path: Assets/Scripts/Skor.cs
  artifactKey: Guid(25532e0c1319f924db714e9d33f22010) Importer(815301076,1909f56bfc062723c751e8b465ee728b)
Start importing Assets/Scripts/Skor.cs using Guid(25532e0c1319f924db714e9d33f22010) Importer(815301076,1909f56bfc062723c751e8b465ee728b)  -> (artifact id: '7021f402e4019f3b8bcdd05a5061a44e') in 0.006103 seconds
  Import took 0.009750 seconds .

========================================================================
Received Prepare
Registering precompiled user dll's ...
Registered in 0.001205 seconds.
Begin MonoManager ReloadAssembly
Native extension for WindowsStandalone target not found
Refreshing native plugins compatible for Editor in 0.42 ms, found 1 plugins.
Preloading 0 native plugins for Editor in 0.00 ms.
Mono: successfully reloaded assembly
- Completed reload, in  1.053 seconds
Platform modules already initialized, skipping
Refreshing native plugins compatible for Editor in 0.41 ms, found 1 plugins.
Preloading 0 native plugins for Editor in 0.00 ms.
Unloading 1821 Unused Serialized files (Serialized files now loaded: 0)
System memory in use before: 90.2 MB.
System memory in use after: 89.6 MB.

Unloading 25 unused Assets to reduce memory usage. Loaded Objects now: 2307.
Total: 2.444300 ms (FindLiveObjects: 0.189200 ms CreateObjectMapping: 0.075300 ms MarkObjects: 1.765400 ms  DeleteObjects: 0.413300 ms)

========================================================================
Received Prepare
Registering precompiled user dll's ...
Registered in 0.001028 seconds.
Begin MonoManager ReloadAssembly
Native extension for WindowsStandalone target not found
Refreshing native plugins compatible for Editor in 0.45 ms, found 1 plugins.
Preloading 0 native plugins for Editor in 0.00 ms.
Mono: successfully reloaded assembly
- Completed reload, in  1.015 seconds
Platform modules already initialized, skipping
Refreshing native plugins compatible for Editor in 0.75 ms, found 1 plugins.
Preloading 0 native plugins for Editor in 0.00 ms.
Unloading 1821 Unused Serialized files (Serialized files now loaded: 0)
System memory in use before: 90.2 MB.
System memory in use after: 89.6 MB.

Unloading 25 unused Assets to reduce memory usage. Loaded Objects now: 2311.
Total: 2.679100 ms (FindLiveObjects: 0.403400 ms CreateObjectMapping: 0.094500 ms MarkObjects: 1.749500 ms  DeleteObjects: 0.430800 ms)

========================================================================
Received Prepare
Registering precompiled user dll's ...
Registered in 0.001032 seconds.
Begin MonoManager ReloadAssembly
Native extension for WindowsStandalone target not found
Refreshing native plugins compatible for Editor in 0.41 ms, found 1 plugins.
Preloading 0 native plugins for Editor in 0.00 ms.
Mono: successfully reloaded assembly
- Completed reload, in  0.970 seconds
Platform modules already initialized, skipping
Refreshing native plugins compatible for Editor in 0.39 ms, found 1 plugins.
Preloading 0 native plugins for Editor in 0.00 ms.
Unloading 1821 Unused Serialized files (Serialized files now loaded: 0)
System memory in use before: 90.2 MB.
System memory in use after: 89.6 MB.

Unloading 25 unused Assets to reduce memory usage. Loaded Objects now: 2315.
Total: 2.519700 ms (FindLiveObjects: 0.190700 ms CreateObjectMapping: 0.075200 ms MarkObjects: 1.811400 ms  DeleteObjects: 0.441500 ms)

========================================================================
Received Prepare
Registering precompiled user dll's ...
Registered in 0.001191 seconds.
Begin MonoManager ReloadAssembly
Native extension for WindowsStandalone target not found
Refreshing native plugins compatible for Editor in 0.47 ms, found 1 plugins.
Preloading 0 native plugins for Editor in 0.00 ms.
Mono: successfully reloaded assembly
- Completed reload, in  1.056 seconds
Platform modules already initialized, skipping
Refreshing native plugins compatible for Editor in 0.39 ms, found 1 plugins.
Preloading 0 native plugins for Editor in 0.00 ms.
Unloading 1821 Unused Serialized files (Serialized files now loaded: 0)
System memory in use before: 90.3 MB.
System memory in use after: 89.6 MB.

Unloading 25 unused Assets to reduce memory usage. Loaded Objects now: 2319.
Total: 2.438400 ms (FindLiveObjects: 0.198800 ms CreateObjectMapping: 0.080400 ms MarkObjects: 1.743700 ms  DeleteObjects: 0.414300 ms)

========================================================================
Received Prepare
Registering precompiled user dll's ...
Registered in 0.000992 seconds.
Begin MonoManager ReloadAssembly
Native extension for WindowsStandalone target not found
Refreshing native plugins compatible for Editor in 0.38 ms, found 1 plugins.
Preloading 0 native plugins for Editor in 0.00 ms.
Mono: successfully reloaded assembly
- Completed reload, in  1.055 seconds
Platform modules already initialized, skipping
Refreshing native plugins compatible for Editor in 0.41 ms, found 1 plugins.
Preloading 0 native plugins for Editor in 0.00 ms.
Unloading 1821 Unused Serialized files (Serialized files now loaded: 0)
System memory in use before: 90.3 MB.
System memory in use after: 89.6 MB.

Unloading 25 unused Assets to reduce memory usage. Loaded Objects now: 2323.
Total: 2.578000 ms (FindLiveObjects: 0.192400 ms CreateObjectMapping: 0.076200 ms MarkObjects: 1.879500 ms  DeleteObjects: 0.428800 ms)

========================================================================
Received Prepare
Registering precompiled user dll's ...
Registered in 0.001177 seconds.
Begin MonoManager ReloadAssembly
Native extension for WindowsStandalone target not found
Refreshing native plugins compatible for Editor in 0.40 ms, found 1 plugins.
Preloading 0 native plugins for Editor in 0.00 ms.
Mono: successfully reloaded assembly
- Completed reload, in  1.014 seconds
Platform modules already initialized, skipping
Refreshing native plugins compatible for Editor in 0.39 ms, found 1 plugins.
Preloading 0 native plugins for Editor in 0.00 ms.
Unloading 1821 Unused Serialized files (Serialized files now loaded: 0)
System memory in use before: 90.3 MB.
System memory in use after: 89.6 MB.

Unloading 25 unused Assets to reduce memory usage. Loaded Objects now: 2327.
Total: 2.876400 ms (FindLiveObjects: 0.197100 ms CreateObjectMapping: 0.144700 ms MarkObjects: 2.057900 ms  DeleteObjects: 0.475300 ms)

========================================================================
Received Prepare
Registering precompiled user dll's ...
Registered in 0.001059 seconds.
Begin MonoManager ReloadAssembly
Native extension for WindowsStandalone target not found
Refreshing native plugins compatible for Editor in 0.40 ms, found 1 plugins.
Preloading 0 native plugins for Editor in 0.00 ms.
Mono: successfully reloaded assembly
- Completed reload, in  1.002 seconds
Platform modules already initialized, skipping
Refreshing native plugins compatible for Editor in 0.43 ms, found 1 plugins.
Preloading 0 native plugins for Editor in 0.00 ms.
Unloading 1821 Unused Serialized files (Serialized files now loaded: 0)
System memory in use before: 90.3 MB.
System memory in use after: 89.6 MB.

Unloading 25 unused Assets to reduce memory usage. Loaded Objects now: 2331.
Total: 2.590600 ms (FindLiveObjects: 0.208600 ms CreateObjectMapping: 0.077100 ms MarkObjects: 1.880000 ms  DeleteObjects: 0.423900 ms)

========================================================================
Received Prepare
Registering precompiled user dll's ...
Registered in 0.001097 seconds.
Begin MonoManager ReloadAssembly
Native extension for WindowsStandalone target not found
Refreshing native plugins compatible for Editor in 0.39 ms, found 1 plugins.
Preloading 0 native plugins for Editor in 0.00 ms.
Mono: successfully reloaded assembly
- Completed reload, in  0.978 seconds
Platform modules already initialized, skipping
Refreshing native plugins compatible for Editor in 0.39 ms, found 1 plugins.
Preloading 0 native plugins for Editor in 0.00 ms.
Unloading 1821 Unused Serialized files (Serialized files now loaded: 0)
System memory in use before: 90.3 MB.
System memory in use after: 89.6 MB.

Unloading 25 unused Assets to reduce memory usage. Loaded Objects now: 2335.
Total: 2.352200 ms (FindLiveObjects: 0.190800 ms CreateObjectMapping: 0.074000 ms MarkObjects: 1.653400 ms  DeleteObjects: 0.432700 ms)

========================================================================
Received Prepare
Registering precompiled user dll's ...
Registered in 0.001048 seconds.
Begin MonoManager ReloadAssembly
Native extension for WindowsStandalone target not found
Refreshing native plugins compatible for Editor in 0.39 ms, found 1 plugins.
Preloading 0 native plugins for Editor in 0.00 ms.
Mono: successfully reloaded assembly
- Completed reload, in  0.997 seconds
Platform modules already initialized, skipping
Refreshing native plugins compatible for Editor in 0.38 ms, found 1 plugins.
Preloading 0 native plugins for Editor in 0.00 ms.
Unloading 1821 Unused Serialized files (Serialized files now loaded: 0)
System memory in use before: 90.3 MB.
System memory in use after: 89.6 MB.

Unloading 25 unused Assets to reduce memory usage. Loaded Objects now: 2339.
Total: 2.591000 ms (FindLiveObjects: 0.189300 ms CreateObjectMapping: 0.072600 ms MarkObjects: 1.830200 ms  DeleteObjects: 0.497700 ms)

========================================================================
Received Prepare
Registering precompiled user dll's ...
Registered in 0.001087 seconds.
Begin MonoManager ReloadAssembly
Native extension for WindowsStandalone target not found
Refreshing native plugins compatible for Editor in 0.40 ms, found 1 plugins.
Preloading 0 native plugins for Editor in 0.00 ms.
Mono: successfully reloaded assembly
- Completed reload, in  1.051 seconds
Platform modules already initialized, skipping
Refreshing native plugins compatible for Editor in 0.40 ms, found 1 plugins.
Preloading 0 native plugins for Editor in 0.00 ms.
Unloading 1821 Unused Serialized files (Serialized files now loaded: 0)
System memory in use before: 90.3 MB.
System memory in use after: 89.6 MB.

Unloading 25 unused Assets to reduce memory usage. Loaded Objects now: 2343.
Total: 2.843800 ms (FindLiveObjects: 0.205300 ms CreateObjectMapping: 0.078000 ms MarkObjects: 1.925200 ms  DeleteObjects: 0.634100 ms)

========================================================================
Received Import Request.
  Time since last request: 471.295799 seconds.
  path: Assets/Prefabs/Meteor.prefab
  artifactKey: Guid(5abf571b51648eb4db1be61d7b4b8d65) Importer(815301076,1909f56bfc062723c751e8b465ee728b)
Start importing Assets/Prefabs/Meteor.prefab using Guid(5abf571b51648eb4db1be61d7b4b8d65) Importer(815301076,1909f56bfc062723c751e8b465ee728b)  -> (artifact id: 'd74756c1ab00fefc5173f2a1d86ba26b') in 0.068806 seconds
  Import took 0.072814 seconds .

========================================================================
Received Prepare
Registering precompiled user dll's ...
Registered in 0.001091 seconds.
Begin MonoManager ReloadAssembly
Native extension for WindowsStandalone target not found
Refreshing native plugins compatible for Editor in 0.48 ms, found 1 plugins.
Preloading 0 native plugins for Editor in 0.00 ms.
Mono: successfully reloaded assembly
- Completed reload, in  0.962 seconds
Platform modules already initialized, skipping
Refreshing native plugins compatible for Editor in 0.52 ms, found 1 plugins.
Preloading 0 native plugins for Editor in 0.00 ms.
Unloading 1821 Unused Serialized files (Serialized files now loaded: 0)
System memory in use before: 90.3 MB.
System memory in use after: 89.6 MB.

Unloading 25 unused Assets to reduce memory usage. Loaded Objects now: 2348.
Total: 2.546200 ms (FindLiveObjects: 0.225400 ms CreateObjectMapping: 0.089400 ms MarkObjects: 1.808500 ms  DeleteObjects: 0.421800 ms)

========================================================================
Received Prepare
Registering precompiled user dll's ...
Registered in 0.001090 seconds.
Begin MonoManager ReloadAssembly
Native extension for WindowsStandalone target not found
Refreshing native plugins compatible for Editor in 0.43 ms, found 1 plugins.
Preloading 0 native plugins for Editor in 0.00 ms.
Mono: successfully reloaded assembly
- Completed reload, in  0.974 seconds
Platform modules already initialized, skipping
Refreshing native plugins compatible for Editor in 0.39 ms, found 1 plugins.
Preloading 0 native plugins for Editor in 0.00 ms.
Unloading 1821 Unused Serialized files (Serialized files now loaded: 0)
System memory in use before: 90.3 MB.
System memory in use after: 89.7 MB.

Unloading 25 unused Assets to reduce memory usage. Loaded Objects now: 2352.
Total: 2.708900 ms (FindLiveObjects: 0.205600 ms CreateObjectMapping: 0.077100 ms MarkObjects: 1.888600 ms  DeleteObjects: 0.536400 ms)

========================================================================
Received Import Request.
  Time since last request: 99.435370 seconds.
  path: Assets/Scripts/Camera.cs
  artifactKey: Guid(d5583595c2c7d1f42a1e61011b19d9a2) Importer(815301076,1909f56bfc062723c751e8b465ee728b)
Start importing Assets/Scripts/Camera.cs using Guid(d5583595c2c7d1f42a1e61011b19d9a2) Importer(815301076,1909f56bfc062723c751e8b465ee728b)  -> (artifact id: '24ab7ad8e4774006022eccb81223d8fa') in 0.031691 seconds
  Import took 0.037314 seconds .

========================================================================
Received Prepare
Registering precompiled user dll's ...
Registered in 0.001057 seconds.
Begin MonoManager ReloadAssembly
Native extension for WindowsStandalone target not found
Refreshing native plugins compatible for Editor in 0.40 ms, found 1 plugins.
Preloading 0 native plugins for Editor in 0.00 ms.
Mono: successfully reloaded assembly
- Completed reload, in  1.070 seconds
Platform modules already initialized, skipping
Refreshing native plugins compatible for Editor in 0.43 ms, found 1 plugins.
Preloading 0 native plugins for Editor in 0.00 ms.
Unloading 1822 Unused Serialized files (Serialized files now loaded: 0)
System memory in use before: 90.4 MB.
System memory in use after: 89.7 MB.

Unloading 25 unused Assets to reduce memory usage. Loaded Objects now: 2357.
Total: 2.998800 ms (FindLiveObjects: 0.239000 ms CreateObjectMapping: 0.188800 ms MarkObjects: 2.128900 ms  DeleteObjects: 0.441000 ms)

========================================================================
Received Prepare
Registering precompiled user dll's ...
Registered in 0.001365 seconds.
Begin MonoManager ReloadAssembly
Native extension for WindowsStandalone target not found
Refreshing native plugins compatible for Editor in 0.40 ms, found 1 plugins.
Preloading 0 native plugins for Editor in 0.00 ms.
Mono: successfully reloaded assembly
- Completed reload, in  0.982 seconds
Platform modules already initialized, skipping
Refreshing native plugins compatible for Editor in 0.38 ms, found 1 plugins.
Preloading 0 native plugins for Editor in 0.00 ms.
Unloading 1822 Unused Serialized files (Serialized files now loaded: 0)
System memory in use before: 90.4 MB.
System memory in use after: 89.7 MB.

Unloading 25 unused Assets to reduce memory usage. Loaded Objects now: 2361.
Total: 2.520400 ms (FindLiveObjects: 0.207500 ms CreateObjectMapping: 0.077100 ms MarkObjects: 1.801900 ms  DeleteObjects: 0.432800 ms)

========================================================================
Received Prepare
Registering precompiled user dll's ...
Registered in 0.001012 seconds.
Begin MonoManager ReloadAssembly
Native extension for WindowsStandalone target not found
Refreshing native plugins compatible for Editor in 0.41 ms, found 1 plugins.
Preloading 0 native plugins for Editor in 0.00 ms.
Mono: successfully reloaded assembly
- Completed reload, in  0.978 seconds
Platform modules already initialized, skipping
Refreshing native plugins compatible for Editor in 0.39 ms, found 1 plugins.
Preloading 0 native plugins for Editor in 0.00 ms.
Unloading 1822 Unused Serialized files (Serialized files now loaded: 0)
System memory in use before: 90.4 MB.
System memory in use after: 89.7 MB.

Unloading 25 unused Assets to reduce memory usage. Loaded Objects now: 2365.
Total: 2.477500 ms (FindLiveObjects: 0.274300 ms CreateObjectMapping: 0.080500 ms MarkObjects: 1.698300 ms  DeleteObjects: 0.423500 ms)

========================================================================
Received Prepare
Registering precompiled user dll's ...
Registered in 0.001184 seconds.
Begin MonoManager ReloadAssembly
Native extension for WindowsStandalone target not found
Refreshing native plugins compatible for Editor in 0.41 ms, found 1 plugins.
Preloading 0 native plugins for Editor in 0.00 ms.
Mono: successfully reloaded assembly
- Completed reload, in  1.002 seconds
Platform modules already initialized, skipping
Refreshing native plugins compatible for Editor in 0.46 ms, found 1 plugins.
Preloading 0 native plugins for Editor in 0.00 ms.
Unloading 1822 Unused Serialized files (Serialized files now loaded: 0)
System memory in use before: 90.4 MB.
System memory in use after: 89.7 MB.

Unloading 25 unused Assets to reduce memory usage. Loaded Objects now: 2369.
Total: 3.193100 ms (FindLiveObjects: 0.530500 ms CreateObjectMapping: 0.094100 ms MarkObjects: 1.995900 ms  DeleteObjects: 0.571100 ms)

========================================================================
Received Prepare
Registering precompiled user dll's ...
Registered in 0.001267 seconds.
Begin MonoManager ReloadAssembly
Native extension for WindowsStandalone target not found
Refreshing native plugins compatible for Editor in 0.48 ms, found 1 plugins.
Preloading 0 native plugins for Editor in 0.00 ms.
Mono: successfully reloaded assembly
- Completed reload, in  1.009 seconds
Platform modules already initialized, skipping
Refreshing native plugins compatible for Editor in 0.41 ms, found 1 plugins.
Preloading 0 native plugins for Editor in 0.00 ms.
Unloading 1822 Unused Serialized files (Serialized files now loaded: 0)
System memory in use before: 90.4 MB.
System memory in use after: 89.7 MB.

Unloading 25 unused Assets to reduce memory usage. Loaded Objects now: 2373.
Total: 2.718300 ms (FindLiveObjects: 0.333300 ms CreateObjectMapping: 0.083700 ms MarkObjects: 1.818500 ms  DeleteObjects: 0.481200 ms)

========================================================================
Received Import Request.
  Time since last request: 113.940003 seconds.
  path: Assets/Scripts/Camera.cs
  artifactKey: Guid(d5583595c2c7d1f42a1e61011b19d9a2) Importer(815301076,1909f56bfc062723c751e8b465ee728b)
Start importing Assets/Scripts/Camera.cs using Guid(d5583595c2c7d1f42a1e61011b19d9a2) Importer(815301076,1909f56bfc062723c751e8b465ee728b)  -> (artifact id: '295f8fe9aae0b15f2d4604e8a5bf7263') in 0.009660 seconds
  Import took 0.013895 seconds .

========================================================================
Received Import Request.
  Time since last request: 0.037329 seconds.
  path: Assets/Scripts/Camera.cs
  artifactKey: Guid(d5583595c2c7d1f42a1e61011b19d9a2) Importer(815301076,1909f56bfc062723c751e8b465ee728b)
Start importing Assets/Scripts/Camera.cs using Guid(d5583595c2c7d1f42a1e61011b19d9a2) Importer(815301076,1909f56bfc062723c751e8b465ee728b)  -> (artifact id: '295f8fe9aae0b15f2d4604e8a5bf7263') in 0.004030 seconds
  Import took 0.007476 seconds .

========================================================================
Received Prepare
Registering precompiled user dll's ...
Registered in 0.001092 seconds.
Begin MonoManager ReloadAssembly
Native extension for WindowsStandalone target not found
Refreshing native plugins compatible for Editor in 0.43 ms, found 1 plugins.
Preloading 0 native plugins for Editor in 0.00 ms.
Mono: successfully reloaded assembly
- Completed reload, in  0.983 seconds
Platform modules already initialized, skipping
Refreshing native plugins compatible for Editor in 0.39 ms, found 1 plugins.
Preloading 0 native plugins for Editor in 0.00 ms.
Unloading 1822 Unused Serialized files (Serialized files now loaded: 0)
System memory in use before: 90.4 MB.
System memory in use after: 89.7 MB.

Unloading 25 unused Assets to reduce memory usage. Loaded Objects now: 2377.
Total: 2.536500 ms (FindLiveObjects: 0.186200 ms CreateObjectMapping: 0.072200 ms MarkObjects: 1.843500 ms  DeleteObjects: 0.433600 ms)

========================================================================
Received Prepare
Registering precompiled user dll's ...
Registered in 0.001182 seconds.
Begin MonoManager ReloadAssembly
Native extension for WindowsStandalone target not found
Refreshing native plugins compatible for Editor in 0.43 ms, found 1 plugins.
Preloading 0 native plugins for Editor in 0.00 ms.
Mono: successfully reloaded assembly
- Completed reload, in  0.954 seconds
Platform modules already initialized, skipping
Refreshing native plugins compatible for Editor in 0.40 ms, found 1 plugins.
Preloading 0 native plugins for Editor in 0.00 ms.
Unloading 1822 Unused Serialized files (Serialized files now loaded: 0)
System memory in use before: 90.4 MB.
System memory in use after: 89.7 MB.

Unloading 25 unused Assets to reduce memory usage. Loaded Objects now: 2381.
Total: 2.505700 ms (FindLiveObjects: 0.193700 ms CreateObjectMapping: 0.073600 ms MarkObjects: 1.814200 ms  DeleteObjects: 0.423000 ms)

========================================================================
Received Prepare
Registering precompiled user dll's ...
Registered in 0.000991 seconds.
Begin MonoManager ReloadAssembly
Native extension for WindowsStandalone target not found
Refreshing native plugins compatible for Editor in 0.39 ms, found 1 plugins.
Preloading 0 native plugins for Editor in 0.00 ms.
Mono: successfully reloaded assembly
- Completed reload, in  1.025 seconds
Platform modules already initialized, skipping
Refreshing native plugins compatible for Editor in 0.44 ms, found 1 plugins.
Preloading 0 native plugins for Editor in 0.00 ms.
Unloading 1822 Unused Serialized files (Serialized files now loaded: 0)
System memory in use before: 90.4 MB.
System memory in use after: 89.8 MB.

Unloading 25 unused Assets to reduce memory usage. Loaded Objects now: 2385.
Total: 2.559800 ms (FindLiveObjects: 0.206600 ms CreateObjectMapping: 0.073400 ms MarkObjects: 1.799600 ms  DeleteObjects: 0.479100 ms)

========================================================================
Received Prepare
Registering precompiled user dll's ...
Registered in 0.001071 seconds.
Begin MonoManager ReloadAssembly
Native extension for WindowsStandalone target not found
Refreshing native plugins compatible for Editor in 0.41 ms, found 1 plugins.
Preloading 0 native plugins for Editor in 0.00 ms.
Mono: successfully reloaded assembly
- Completed reload, in  1.039 seconds
Platform modules already initialized, skipping
Refreshing native plugins compatible for Editor in 0.39 ms, found 1 plugins.
Preloading 0 native plugins for Editor in 0.00 ms.
Unloading 1822 Unused Serialized files (Serialized files now loaded: 0)
System memory in use before: 90.4 MB.
System memory in use after: 89.8 MB.

Unloading 25 unused Assets to reduce memory usage. Loaded Objects now: 2389.
Total: 2.661000 ms (FindLiveObjects: 0.213400 ms CreateObjectMapping: 0.078800 ms MarkObjects: 1.938000 ms  DeleteObjects: 0.429400 ms)

========================================================================
Received Prepare
Registering precompiled user dll's ...
Registered in 0.001003 seconds.
Begin MonoManager ReloadAssembly
Native extension for WindowsStandalone target not found
Refreshing native plugins compatible for Editor in 0.39 ms, found 1 plugins.
Preloading 0 native plugins for Editor in 0.00 ms.
Mono: successfully reloaded assembly
- Completed reload, in  1.087 seconds
Platform modules already initialized, skipping
Refreshing native plugins compatible for Editor in 0.77 ms, found 1 plugins.
Preloading 0 native plugins for Editor in 0.00 ms.
Unloading 1822 Unused Serialized files (Serialized files now loaded: 0)
System memory in use before: 90.5 MB.
System memory in use after: 89.8 MB.

Unloading 25 unused Assets to reduce memory usage. Loaded Objects now: 2393.
Total: 3.222700 ms (FindLiveObjects: 0.217000 ms CreateObjectMapping: 0.076600 ms MarkObjects: 2.484700 ms  DeleteObjects: 0.443100 ms)

========================================================================
Received Prepare
Registering precompiled user dll's ...
Registered in 0.001128 seconds.
Begin MonoManager ReloadAssembly
Native extension for WindowsStandalone target not found
Refreshing native plugins compatible for Editor in 0.40 ms, found 1 plugins.
Preloading 0 native plugins for Editor in 0.00 ms.
Mono: successfully reloaded assembly
- Completed reload, in  1.003 seconds
Platform modules already initialized, skipping
Refreshing native plugins compatible for Editor in 0.44 ms, found 1 plugins.
Preloading 0 native plugins for Editor in 0.00 ms.
Unloading 1822 Unused Serialized files (Serialized files now loaded: 0)
System memory in use before: 90.5 MB.
System memory in use after: 89.8 MB.

Unloading 25 unused Assets to reduce memory usage. Loaded Objects now: 2397.
Total: 2.496200 ms (FindLiveObjects: 0.205700 ms CreateObjectMapping: 0.107400 ms MarkObjects: 1.753200 ms  DeleteObjects: 0.428800 ms)

========================================================================
Received Prepare
Registering precompiled user dll's ...
Registered in 0.001083 seconds.
Begin MonoManager ReloadAssembly
Native extension for WindowsStandalone target not found
Refreshing native plugins compatible for Editor in 0.39 ms, found 1 plugins.
Preloading 0 native plugins for Editor in 0.00 ms.
Mono: successfully reloaded assembly
- Completed reload, in  0.976 seconds
Platform modules already initialized, skipping
Refreshing native plugins compatible for Editor in 0.39 ms, found 1 plugins.
Preloading 0 native plugins for Editor in 0.00 ms.
Unloading 1822 Unused Serialized files (Serialized files now loaded: 0)
System memory in use before: 90.5 MB.
System memory in use after: 89.8 MB.

Unloading 25 unused Assets to reduce memory usage. Loaded Objects now: 2401.
Total: 4.380600 ms (FindLiveObjects: 0.242400 ms CreateObjectMapping: 0.097600 ms MarkObjects: 3.537000 ms  DeleteObjects: 0.502100 ms)

========================================================================
Received Prepare
Registering precompiled user dll's ...
Registered in 0.001245 seconds.
Begin MonoManager ReloadAssembly
Native extension for WindowsStandalone target not found
Refreshing native plugins compatible for Editor in 0.45 ms, found 1 plugins.
Preloading 0 native plugins for Editor in 0.00 ms.
Mono: successfully reloaded assembly
- Completed reload, in  0.977 seconds
Platform modules already initialized, skipping
Refreshing native plugins compatible for Editor in 0.39 ms, found 1 plugins.
Preloading 0 native plugins for Editor in 0.00 ms.
Unloading 1822 Unused Serialized files (Serialized files now loaded: 0)
System memory in use before: 90.5 MB.
System memory in use after: 89.8 MB.

Unloading 25 unused Assets to reduce memory usage. Loaded Objects now: 2405.
Total: 2.463100 ms (FindLiveObjects: 0.196400 ms CreateObjectMapping: 0.072500 ms MarkObjects: 1.697100 ms  DeleteObjects: 0.495800 ms)

========================================================================
Received Prepare
Registering precompiled user dll's ...
Registered in 0.001139 seconds.
Begin MonoManager ReloadAssembly
Native extension for WindowsStandalone target not found
Refreshing native plugins compatible for Editor in 0.42 ms, found 1 plugins.
Preloading 0 native plugins for Editor in 0.00 ms.
Mono: successfully reloaded assembly
- Completed reload, in  1.027 seconds
Platform modules already initialized, skipping
Refreshing native plugins compatible for Editor in 0.40 ms, found 1 plugins.
Preloading 0 native plugins for Editor in 0.00 ms.
Unloading 1822 Unused Serialized files (Serialized files now loaded: 0)
System memory in use before: 90.5 MB.
System memory in use after: 89.8 MB.

Unloading 25 unused Assets to reduce memory usage. Loaded Objects now: 2409.
Total: 2.601500 ms (FindLiveObjects: 0.206000 ms CreateObjectMapping: 0.072400 ms MarkObjects: 1.892300 ms  DeleteObjects: 0.429900 ms)

========================================================================
Received Prepare
Registering precompiled user dll's ...
Registered in 0.001113 seconds.
Begin MonoManager ReloadAssembly
Native extension for WindowsStandalone target not found
Refreshing native plugins compatible for Editor in 0.46 ms, found 1 plugins.
Preloading 0 native plugins for Editor in 0.00 ms.
Mono: successfully reloaded assembly
- Completed reload, in  1.009 seconds
Platform modules already initialized, skipping
Refreshing native plugins compatible for Editor in 0.43 ms, found 1 plugins.
Preloading 0 native plugins for Editor in 0.00 ms.
Unloading 1822 Unused Serialized files (Serialized files now loaded: 0)
System memory in use before: 90.5 MB.
System memory in use after: 89.8 MB.

Unloading 25 unused Assets to reduce memory usage. Loaded Objects now: 2413.
Total: 2.785700 ms (FindLiveObjects: 0.299100 ms CreateObjectMapping: 0.099900 ms MarkObjects: 1.951700 ms  DeleteObjects: 0.433700 ms)

========================================================================
Received Import Request.
  Time since last request: 495.510850 seconds.
  path: Assets/Scripts/Camera.cs
  artifactKey: Guid(d5583595c2c7d1f42a1e61011b19d9a2) Importer(815301076,1909f56bfc062723c751e8b465ee728b)
Start importing Assets/Scripts/Camera.cs using Guid(d5583595c2c7d1f42a1e61011b19d9a2) Importer(815301076,1909f56bfc062723c751e8b465ee728b)  -> (artifact id: '18cf2da2e229cd1c984fe96f58a893c8') in 0.010656 seconds
  Import took 0.014783 seconds .

========================================================================
Received Prepare
Registering precompiled user dll's ...
Registered in 0.001071 seconds.
Begin MonoManager ReloadAssembly
Native extension for WindowsStandalone target not found
Refreshing native plugins compatible for Editor in 0.44 ms, found 1 plugins.
Preloading 0 native plugins for Editor in 0.00 ms.
Mono: successfully reloaded assembly
- Completed reload, in  1.146 seconds
Platform modules already initialized, skipping
Refreshing native plugins compatible for Editor in 0.41 ms, found 1 plugins.
Preloading 0 native plugins for Editor in 0.00 ms.
Unloading 1821 Unused Serialized files (Serialized files now loaded: 0)
System memory in use before: 90.5 MB.
System memory in use after: 89.8 MB.

Unloading 26 unused Assets to reduce memory usage. Loaded Objects now: 2416.
Total: 2.924900 ms (FindLiveObjects: 0.228600 ms CreateObjectMapping: 0.148100 ms MarkObjects: 2.062700 ms  DeleteObjects: 0.483900 ms)

========================================================================
Received Prepare
Registering precompiled user dll's ...
Registered in 0.001029 seconds.
Begin MonoManager ReloadAssembly
Native extension for WindowsStandalone target not found
Refreshing native plugins compatible for Editor in 0.42 ms, found 1 plugins.
Preloading 0 native plugins for Editor in 0.00 ms.
Mono: successfully reloaded assembly
- Completed reload, in  1.047 seconds
Platform modules already initialized, skipping
Refreshing native plugins compatible for Editor in 0.47 ms, found 1 plugins.
Preloading 0 native plugins for Editor in 0.00 ms.
Unloading 1821 Unused Serialized files (Serialized files now loaded: 0)
System memory in use before: 90.5 MB.
System memory in use after: 89.8 MB.

Unloading 25 unused Assets to reduce memory usage. Loaded Objects now: 2420.
Total: 3.925800 ms (FindLiveObjects: 0.390900 ms CreateObjectMapping: 0.188000 ms MarkObjects: 2.700100 ms  DeleteObjects: 0.645100 ms)

========================================================================
Received Prepare
Registering precompiled user dll's ...
Registered in 0.001658 seconds.
Begin MonoManager ReloadAssembly
Native extension for WindowsStandalone target not found
Refreshing native plugins compatible for Editor in 0.39 ms, found 1 plugins.
Preloading 0 native plugins for Editor in 0.00 ms.
Mono: successfully reloaded assembly
- Completed reload, in  0.969 seconds
Platform modules already initialized, skipping
Refreshing native plugins compatible for Editor in 0.38 ms, found 1 plugins.
Preloading 0 native plugins for Editor in 0.00 ms.
Unloading 1821 Unused Serialized files (Serialized files now loaded: 0)
System memory in use before: 90.5 MB.
System memory in use after: 89.8 MB.

Unloading 25 unused Assets to reduce memory usage. Loaded Objects now: 2424.
Total: 2.472500 ms (FindLiveObjects: 0.194500 ms CreateObjectMapping: 0.077600 ms MarkObjects: 1.774100 ms  DeleteObjects: 0.425100 ms)

========================================================================
Received Prepare
Registering precompiled user dll's ...
Registered in 0.001439 seconds.
Begin MonoManager ReloadAssembly
Native extension for WindowsStandalone target not found
Refreshing native plugins compatible for Editor in 0.38 ms, found 1 plugins.
Preloading 0 native plugins for Editor in 0.00 ms.
Mono: successfully reloaded assembly
- Completed reload, in  0.974 seconds
Platform modules already initialized, skipping
Refreshing native plugins compatible for Editor in 0.45 ms, found 1 plugins.
Preloading 0 native plugins for Editor in 0.00 ms.
Unloading 1821 Unused Serialized files (Serialized files now loaded: 0)
System memory in use before: 90.5 MB.
System memory in use after: 89.8 MB.

Unloading 25 unused Assets to reduce memory usage. Loaded Objects now: 2428.
Total: 2.570700 ms (FindLiveObjects: 0.216000 ms CreateObjectMapping: 0.079700 ms MarkObjects: 1.834700 ms  DeleteObjects: 0.439000 ms)

========================================================================
Received Prepare
Registering precompiled user dll's ...
Registered in 0.001309 seconds.
Begin MonoManager ReloadAssembly
Native extension for WindowsStandalone target not found
Refreshing native plugins compatible for Editor in 0.45 ms, found 1 plugins.
Preloading 0 native plugins for Editor in 0.00 ms.
Mono: successfully reloaded assembly
- Completed reload, in  0.991 seconds
Platform modules already initialized, skipping
Refreshing native plugins compatible for Editor in 0.45 ms, found 1 plugins.
Preloading 0 native plugins for Editor in 0.00 ms.
Unloading 1821 Unused Serialized files (Serialized files now loaded: 0)
System memory in use before: 90.5 MB.
System memory in use after: 89.8 MB.

Unloading 25 unused Assets to reduce memory usage. Loaded Objects now: 2432.
Total: 2.693000 ms (FindLiveObjects: 0.317100 ms CreateObjectMapping: 0.082400 ms MarkObjects: 1.866900 ms  DeleteObjects: 0.425400 ms)

========================================================================
Received Prepare
Registering precompiled user dll's ...
Registered in 0.001053 seconds.
Begin MonoManager ReloadAssembly
Native extension for WindowsStandalone target not found
Refreshing native plugins compatible for Editor in 0.40 ms, found 1 plugins.
Preloading 0 native plugins for Editor in 0.00 ms.
Mono: successfully reloaded assembly
- Completed reload, in  0.977 seconds
Platform modules already initialized, skipping
Refreshing native plugins compatible for Editor in 0.44 ms, found 1 plugins.
Preloading 0 native plugins for Editor in 0.00 ms.
Unloading 1821 Unused Serialized files (Serialized files now loaded: 0)
System memory in use before: 90.5 MB.
System memory in use after: 89.8 MB.

Unloading 25 unused Assets to reduce memory usage. Loaded Objects now: 2436.
Total: 2.500700 ms (FindLiveObjects: 0.203200 ms CreateObjectMapping: 0.073900 ms MarkObjects: 1.793700 ms  DeleteObjects: 0.428700 ms)

========================================================================
Received Prepare
Registering precompiled user dll's ...
Registered in 0.001095 seconds.
Begin MonoManager ReloadAssembly
Native extension for WindowsStandalone target not found
Refreshing native plugins compatible for Editor in 0.47 ms, found 1 plugins.
Preloading 0 native plugins for Editor in 0.00 ms.
Mono: successfully reloaded assembly
- Completed reload, in  0.989 seconds
Platform modules already initialized, skipping
Refreshing native plugins compatible for Editor in 0.38 ms, found 1 plugins.
Preloading 0 native plugins for Editor in 0.00 ms.
Unloading 1821 Unused Serialized files (Serialized files now loaded: 0)
System memory in use before: 90.5 MB.
System memory in use after: 89.9 MB.

Unloading 25 unused Assets to reduce memory usage. Loaded Objects now: 2440.
Total: 2.813300 ms (FindLiveObjects: 0.207000 ms CreateObjectMapping: 0.075600 ms MarkObjects: 2.093500 ms  DeleteObjects: 0.435800 ms)

========================================================================
Received Prepare
Registering precompiled user dll's ...
Registered in 0.001282 seconds.
Begin MonoManager ReloadAssembly
Native extension for WindowsStandalone target not found
Refreshing native plugins compatible for Editor in 0.46 ms, found 1 plugins.
Preloading 0 native plugins for Editor in 0.00 ms.
Mono: successfully reloaded assembly
- Completed reload, in  1.016 seconds
Platform modules already initialized, skipping
Refreshing native plugins compatible for Editor in 0.42 ms, found 1 plugins.
Preloading 0 native plugins for Editor in 0.00 ms.
Unloading 1821 Unused Serialized files (Serialized files now loaded: 0)
System memory in use before: 90.5 MB.
System memory in use after: 89.9 MB.

Unloading 25 unused Assets to reduce memory usage. Loaded Objects now: 2444.
Total: 2.760700 ms (FindLiveObjects: 0.206000 ms CreateObjectMapping: 0.080700 ms MarkObjects: 1.940500 ms  DeleteObjects: 0.532300 ms)

========================================================================
Received Prepare
Registering precompiled user dll's ...
Registered in 0.001081 seconds.
Begin MonoManager ReloadAssembly
Native extension for WindowsStandalone target not found
Refreshing native plugins compatible for Editor in 0.42 ms, found 1 plugins.
Preloading 0 native plugins for Editor in 0.00 ms.
Mono: successfully reloaded assembly
- Completed reload, in  1.006 seconds
Platform modules already initialized, skipping
Refreshing native plugins compatible for Editor in 0.43 ms, found 1 plugins.
Preloading 0 native plugins for Editor in 0.00 ms.
Unloading 1821 Unused Serialized files (Serialized files now loaded: 0)
System memory in use before: 90.5 MB.
System memory in use after: 89.9 MB.

Unloading 25 unused Assets to reduce memory usage. Loaded Objects now: 2448.
Total: 2.699800 ms (FindLiveObjects: 0.268000 ms CreateObjectMapping: 0.073300 ms MarkObjects: 1.898200 ms  DeleteObjects: 0.459100 ms)

========================================================================
Received Prepare
Registering precompiled user dll's ...
Registered in 0.001336 seconds.
Begin MonoManager ReloadAssembly
Native extension for WindowsStandalone target not found
Refreshing native plugins compatible for Editor in 0.44 ms, found 1 plugins.
Preloading 0 native plugins for Editor in 0.00 ms.
Mono: successfully reloaded assembly
- Completed reload, in  0.978 seconds
Platform modules already initialized, skipping
Refreshing native plugins compatible for Editor in 0.43 ms, found 1 plugins.
Preloading 0 native plugins for Editor in 0.00 ms.
Unloading 1821 Unused Serialized files (Serialized files now loaded: 0)
System memory in use before: 90.6 MB.
System memory in use after: 89.9 MB.

Unloading 25 unused Assets to reduce memory usage. Loaded Objects now: 2452.
Total: 2.623200 ms (FindLiveObjects: 0.226700 ms CreateObjectMapping: 0.085100 ms MarkObjects: 1.871700 ms  DeleteObjects: 0.438600 ms)

========================================================================
Received Prepare
Registering precompiled user dll's ...
Registered in 0.001138 seconds.
Begin MonoManager ReloadAssembly
Native extension for WindowsStandalone target not found
Refreshing native plugins compatible for Editor in 0.50 ms, found 1 plugins.
Preloading 0 native plugins for Editor in 0.00 ms.
Mono: successfully reloaded assembly
- Completed reload, in  0.998 seconds
Platform modules already initialized, skipping
Refreshing native plugins compatible for Editor in 0.40 ms, found 1 plugins.
Preloading 0 native plugins for Editor in 0.00 ms.
Unloading 1821 Unused Serialized files (Serialized files now loaded: 0)
System memory in use before: 90.6 MB.
System memory in use after: 89.9 MB.

Unloading 25 unused Assets to reduce memory usage. Loaded Objects now: 2456.
Total: 2.530600 ms (FindLiveObjects: 0.221900 ms CreateObjectMapping: 0.078400 ms MarkObjects: 1.808800 ms  DeleteObjects: 0.420400 ms)

========================================================================
Received Import Request.
  Time since last request: 581.131959 seconds.
  path: Assets/Scripts/GameManager.cs
  artifactKey: Guid(39d10211f3a6dfb4ba9791656430a5a1) Importer(815301076,1909f56bfc062723c751e8b465ee728b)
Start importing Assets/Scripts/GameManager.cs using Guid(39d10211f3a6dfb4ba9791656430a5a1) Importer(815301076,1909f56bfc062723c751e8b465ee728b)  -> (artifact id: '836555692f718a0548d92bb84e628325') in 0.027041 seconds
  Import took 0.032182 seconds .

========================================================================
Received Import Request.
  Time since last request: 0.000909 seconds.
  path: Assets/Scripts/GameManager.cs
  artifactKey: Guid(39d10211f3a6dfb4ba9791656430a5a1) Importer(815301076,1909f56bfc062723c751e8b465ee728b)
Start importing Assets/Scripts/GameManager.cs using Guid(39d10211f3a6dfb4ba9791656430a5a1) Importer(815301076,1909f56bfc062723c751e8b465ee728b)  -> (artifact id: '836555692f718a0548d92bb84e628325') in 0.012064 seconds
  Import took 0.018702 seconds .

========================================================================
Received Prepare
Registering precompiled user dll's ...
Registered in 0.001099 seconds.
Begin MonoManager ReloadAssembly
Native extension for WindowsStandalone target not found
Refreshing native plugins compatible for Editor in 0.43 ms, found 1 plugins.
Preloading 0 native plugins for Editor in 0.00 ms.
Mono: successfully reloaded assembly
- Completed reload, in  1.104 seconds
Platform modules already initialized, skipping
Refreshing native plugins compatible for Editor in 0.40 ms, found 1 plugins.
Preloading 0 native plugins for Editor in 0.00 ms.
Unloading 1822 Unused Serialized files (Serialized files now loaded: 0)
System memory in use before: 90.6 MB.
System memory in use after: 89.9 MB.

Unloading 25 unused Assets to reduce memory usage. Loaded Objects now: 2461.
Total: 2.620200 ms (FindLiveObjects: 0.222900 ms CreateObjectMapping: 0.081300 ms MarkObjects: 1.855000 ms  DeleteObjects: 0.459900 ms)

========================================================================
Received Prepare
Registering precompiled user dll's ...
Registered in 0.001050 seconds.
Begin MonoManager ReloadAssembly
Native extension for WindowsStandalone target not found
Refreshing native plugins compatible for Editor in 0.38 ms, found 1 plugins.
Preloading 0 native plugins for Editor in 0.00 ms.
Mono: successfully reloaded assembly
- Completed reload, in  1.002 seconds
Platform modules already initialized, skipping
Refreshing native plugins compatible for Editor in 0.43 ms, found 1 plugins.
Preloading 0 native plugins for Editor in 0.00 ms.
Unloading 1822 Unused Serialized files (Serialized files now loaded: 0)
System memory in use before: 90.6 MB.
System memory in use after: 89.9 MB.

Unloading 25 unused Assets to reduce memory usage. Loaded Objects now: 2465.
Total: 2.611300 ms (FindLiveObjects: 0.237600 ms CreateObjectMapping: 0.089700 ms MarkObjects: 1.846800 ms  DeleteObjects: 0.435900 ms)

========================================================================
Received Import Request.
  Time since last request: 166.918881 seconds.
  path: Assets/Scripts/GameManager.cs
  artifactKey: Guid(39d10211f3a6dfb4ba9791656430a5a1) Importer(815301076,1909f56bfc062723c751e8b465ee728b)
Start importing Assets/Scripts/GameManager.cs using Guid(39d10211f3a6dfb4ba9791656430a5a1) Importer(815301076,1909f56bfc062723c751e8b465ee728b)  -> (artifact id: '98d7263613f0e6f45fc8321b29358b9f') in 0.007281 seconds
  Import took 0.011942 seconds .

========================================================================
Received Prepare
Registering precompiled user dll's ...
Registered in 0.001712 seconds.
Begin MonoManager ReloadAssembly
Native extension for WindowsStandalone target not found
Refreshing native plugins compatible for Editor in 0.56 ms, found 1 plugins.
Preloading 0 native plugins for Editor in 0.00 ms.
Mono: successfully reloaded assembly
- Completed reload, in  1.014 seconds
Platform modules already initialized, skipping
Refreshing native plugins compatible for Editor in 0.39 ms, found 1 plugins.
Preloading 0 native plugins for Editor in 0.00 ms.
Unloading 1822 Unused Serialized files (Serialized files now loaded: 0)
System memory in use before: 90.6 MB.
System memory in use after: 89.9 MB.

Unloading 25 unused Assets to reduce memory usage. Loaded Objects now: 2469.
Total: 4.670000 ms (FindLiveObjects: 0.282700 ms CreateObjectMapping: 0.120100 ms MarkObjects: 3.817400 ms  DeleteObjects: 0.448100 ms)

========================================================================
Received Prepare
Registering precompiled user dll's ...
Registered in 0.001232 seconds.
Begin MonoManager ReloadAssembly
Native extension for WindowsStandalone target not found
Refreshing native plugins compatible for Editor in 0.38 ms, found 1 plugins.
Preloading 0 native plugins for Editor in 0.00 ms.
Mono: successfully reloaded assembly
- Completed reload, in  0.987 seconds
Platform modules already initialized, skipping
Refreshing native plugins compatible for Editor in 0.40 ms, found 1 plugins.
Preloading 0 native plugins for Editor in 0.00 ms.
Unloading 1822 Unused Serialized files (Serialized files now loaded: 0)
System memory in use before: 90.6 MB.
System memory in use after: 89.9 MB.

Unloading 25 unused Assets to reduce memory usage. Loaded Objects now: 2473.
Total: 2.552700 ms (FindLiveObjects: 0.243500 ms CreateObjectMapping: 0.078600 ms MarkObjects: 1.807700 ms  DeleteObjects: 0.421700 ms)

========================================================================
Received Import Request.
  Time since last request: 93.491945 seconds.
  path: Assets/Scenes/Menu.unity
  artifactKey: Guid(0e90fbf09e68f4447bb8d1fc42d937e5) Importer(815301076,1909f56bfc062723c751e8b465ee728b)
Start importing Assets/Scenes/Menu.unity using Guid(0e90fbf09e68f4447bb8d1fc42d937e5) Importer(815301076,1909f56bfc062723c751e8b465ee728b)  -> (artifact id: '793e1a65a0b680a16b52bb59694a256d') in 0.029884 seconds
  Import took 0.034059 seconds .

========================================================================
Received Import Request.
  Time since last request: 56.985600 seconds.
  path: Assets/Sprites/menu_uzay.jpg
  artifactKey: Guid(b28d4e94e8790ac4fa8d59e13aa9fbeb) Importer(815301076,1909f56bfc062723c751e8b465ee728b)
Start importing Assets/Sprites/menu_uzay.jpg using Guid(b28d4e94e8790ac4fa8d59e13aa9fbeb) Importer(815301076,1909f56bfc062723c751e8b465ee728b)  -> (artifact id: '4044a205540e5290dd9c84c7ed052a42') in 0.116749 seconds
  Import took 0.120235 seconds .

========================================================================
Received Import Request.
  Time since last request: 4.188587 seconds.
  path: Assets/Sprites/menu_uzay.jpg
  artifactKey: Guid(b28d4e94e8790ac4fa8d59e13aa9fbeb) Importer(815301076,1909f56bfc062723c751e8b465ee728b)
Start importing Assets/Sprites/menu_uzay.jpg using Guid(b28d4e94e8790ac4fa8d59e13aa9fbeb) Importer(815301076,1909f56bfc062723c751e8b465ee728b)  -> (artifact id: '51dd33ce73d4b1c94eb5d449245f4882') in 0.035117 seconds
  Import took 0.039292 seconds .

========================================================================
Received Prepare
Registering precompiled user dll's ...
Registered in 0.001019 seconds.
Begin MonoManager ReloadAssembly
Native extension for WindowsStandalone target not found
Refreshing native plugins compatible for Editor in 1.18 ms, found 1 plugins.
Preloading 0 native plugins for Editor in 0.00 ms.
Mono: successfully reloaded assembly
- Completed reload, in  1.144 seconds
Platform modules already initialized, skipping
Refreshing native plugins compatible for Editor in 0.39 ms, found 1 plugins.
Preloading 0 native plugins for Editor in 0.00 ms.
Unloading 1822 Unused Serialized files (Serialized files now loaded: 0)
System memory in use before: 90.7 MB.
System memory in use after: 90.0 MB.

Unloading 25 unused Assets to reduce memory usage. Loaded Objects now: 2481.
Total: 2.856500 ms (FindLiveObjects: 0.216300 ms CreateObjectMapping: 0.080400 ms MarkObjects: 2.118300 ms  DeleteObjects: 0.440500 ms)

========================================================================
Received Prepare
Registering precompiled user dll's ...
Registered in 0.000998 seconds.
Begin MonoManager ReloadAssembly
Native extension for WindowsStandalone target not found
Refreshing native plugins compatible for Editor in 0.41 ms, found 1 plugins.
Preloading 0 native plugins for Editor in 0.00 ms.
Mono: successfully reloaded assembly
- Completed reload, in  1.006 seconds
Platform modules already initialized, skipping
Refreshing native plugins compatible for Editor in 0.38 ms, found 1 plugins.
Preloading 0 native plugins for Editor in 0.00 ms.
Unloading 1822 Unused Serialized files (Serialized files now loaded: 0)
System memory in use before: 90.7 MB.
System memory in use after: 90.0 MB.

Unloading 25 unused Assets to reduce memory usage. Loaded Objects now: 2485.
Total: 2.392700 ms (FindLiveObjects: 0.221400 ms CreateObjectMapping: 0.073300 ms MarkObjects: 1.665400 ms  DeleteObjects: 0.431700 ms)

========================================================================
Received Prepare
Refreshing native plugins compatible for Editor in 1.81 ms, found 1 plugins.
Preloading 0 native plugins for Editor in 0.00 ms.
Unloading 23 Unused Serialized files (Serialized files now loaded: 0)
System memory in use before: 55.1 MB.
System memory in use after: 54.4 MB.

Unloading 23 unused Assets to reduce memory usage. Loaded Objects now: 2485.
Total: 2.568600 ms (FindLiveObjects: 0.213400 ms CreateObjectMapping: 0.076500 ms MarkObjects: 1.844400 ms  DeleteObjects: 0.433400 ms)

========================================================================
Received Prepare
Registering precompiled user dll's ...
Registered in 0.001013 seconds.
Begin MonoManager ReloadAssembly
Native extension for WindowsStandalone target not found
Refreshing native plugins compatible for Editor in 0.41 ms, found 1 plugins.
Preloading 0 native plugins for Editor in 0.00 ms.
Mono: successfully reloaded assembly
- Completed reload, in  0.959 seconds
Platform modules already initialized, skipping
Refreshing native plugins compatible for Editor in 0.39 ms, found 1 plugins.
Preloading 0 native plugins for Editor in 0.00 ms.
Unloading 1822 Unused Serialized files (Serialized files now loaded: 0)
System memory in use before: 90.7 MB.
System memory in use after: 90.0 MB.

Unloading 25 unused Assets to reduce memory usage. Loaded Objects now: 2489.
Total: 2.536700 ms (FindLiveObjects: 0.212400 ms CreateObjectMapping: 0.074700 ms MarkObjects: 1.786200 ms  DeleteObjects: 0.462400 ms)

AssetImportWorkerClient::OnTransportError - code=2 error=End of file
